ERROR - 2025-06-10 04:14:13 --> Error connecting to the database: mysqli_sql_exception: Unknown database 'untung_search' in C:\xampp\htdocs\fe_untung_search\system\Database\MySQLi\Connection.php:201
Stack trace:
#0 C:\xampp\htdocs\fe_untung_search\system\Database\MySQLi\Connection.php(201): mysqli->real_connect('localhost', 'root', Object(SensitiveParameterValue), 'untung_search', 3306, '', 0)
#1 C:\xampp\htdocs\fe_untung_search\system\Database\BaseConnection.php(421): CodeIgniter\Database\MySQLi\Connection->connect(false)
#2 C:\xampp\htdocs\fe_untung_search\system\Database\BaseConnection.php(620): CodeIgniter\Database\BaseConnection->initialize()
#3 C:\xampp\htdocs\fe_untung_search\system\Database\BaseBuilder.php(1733): CodeIgniter\Database\BaseConnection->query('SELECT COUNT(*)...', Array, false)
#4 C:\xampp\htdocs\fe_untung_search\system\Model.php(676): CodeIgniter\Database\BaseBuilder->countAllResults(false)
#5 C:\xampp\htdocs\fe_untung_search\system\BaseModel.php(1287): CodeIgniter\Model->countAllResults(false)
#6 C:\xampp\htdocs\fe_untung_search\app\Controllers\SearchController.php(28): CodeIgniter\BaseModel->paginate(10, 'default', 1)
#7 C:\xampp\htdocs\fe_untung_search\system\CodeIgniter.php(933): App\Controllers\SearchController->index()
#8 C:\xampp\htdocs\fe_untung_search\system\CodeIgniter.php(507): CodeIgniter\CodeIgniter->runController(Object(App\Controllers\SearchController))
#9 C:\xampp\htdocs\fe_untung_search\system\CodeIgniter.php(354): CodeIgniter\CodeIgniter->handleRequest(NULL, Object(Config\Cache), false)
#10 C:\xampp\htdocs\fe_untung_search\system\Boot.php(334): CodeIgniter\CodeIgniter->run()
#11 C:\xampp\htdocs\fe_untung_search\system\Boot.php(67): CodeIgniter\Boot::runCodeIgniter(Object(CodeIgniter\CodeIgniter))
#12 C:\xampp\htdocs\fe_untung_search\public\index.php(59): CodeIgniter\Boot::bootWeb(Object(Config\Paths))
#13 C:\xampp\htdocs\fe_untung_search\system\rewrite.php(44): require_once('C:\\xampp\\htdocs...')
#14 {main}

Next CodeIgniter\Database\Exceptions\DatabaseException: Unknown database 'untung_search' in C:\xampp\htdocs\fe_untung_search\system\Database\MySQLi\Connection.php:246
Stack trace:
#0 C:\xampp\htdocs\fe_untung_search\system\Database\BaseConnection.php(421): CodeIgniter\Database\MySQLi\Connection->connect(false)
#1 C:\xampp\htdocs\fe_untung_search\system\Database\BaseConnection.php(620): CodeIgniter\Database\BaseConnection->initialize()
#2 C:\xampp\htdocs\fe_untung_search\system\Database\BaseBuilder.php(1733): CodeIgniter\Database\BaseConnection->query('SELECT COUNT(*)...', Array, false)
#3 C:\xampp\htdocs\fe_untung_search\system\Model.php(676): CodeIgniter\Database\BaseBuilder->countAllResults(false)
#4 C:\xampp\htdocs\fe_untung_search\system\BaseModel.php(1287): CodeIgniter\Model->countAllResults(false)
#5 C:\xampp\htdocs\fe_untung_search\app\Controllers\SearchController.php(28): CodeIgniter\BaseModel->paginate(10, 'default', 1)
#6 C:\xampp\htdocs\fe_untung_search\system\CodeIgniter.php(933): App\Controllers\SearchController->index()
#7 C:\xampp\htdocs\fe_untung_search\system\CodeIgniter.php(507): CodeIgniter\CodeIgniter->runController(Object(App\Controllers\SearchController))
#8 C:\xampp\htdocs\fe_untung_search\system\CodeIgniter.php(354): CodeIgniter\CodeIgniter->handleRequest(NULL, Object(Config\Cache), false)
#9 C:\xampp\htdocs\fe_untung_search\system\Boot.php(334): CodeIgniter\CodeIgniter->run()
#10 C:\xampp\htdocs\fe_untung_search\system\Boot.php(67): CodeIgniter\Boot::runCodeIgniter(Object(CodeIgniter\CodeIgniter))
#11 C:\xampp\htdocs\fe_untung_search\public\index.php(59): CodeIgniter\Boot::bootWeb(Object(Config\Paths))
#12 C:\xampp\htdocs\fe_untung_search\system\rewrite.php(44): require_once('C:\\xampp\\htdocs...')
#13 {main}
CRITICAL - 2025-06-10 04:14:13 --> CodeIgniter\Database\Exceptions\DatabaseException: Unable to connect to the database.
Main connection [MySQLi]: Unknown database 'untung_search'
[Method: POST, Route: search]
in SYSTEMPATH\Database\BaseConnection.php on line 467.
 1 SYSTEMPATH\Database\BaseConnection.php(620): CodeIgniter\Database\BaseConnection->initialize()
 2 SYSTEMPATH\Database\BaseBuilder.php(1733): CodeIgniter\Database\BaseConnection->query('SELECT COUNT(*) AS `numrows`
FROM `keywords`
WHERE `keyword` LIKE :keyword: ESCAPE \'!\'', [...], false)
 3 SYSTEMPATH\Model.php(676): CodeIgniter\Database\BaseBuilder->countAllResults(false)
 4 SYSTEMPATH\BaseModel.php(1287): CodeIgniter\Model->countAllResults(false)
 5 APPPATH\Controllers\SearchController.php(28): CodeIgniter\BaseModel->paginate(10, 'default', 1)
 6 SYSTEMPATH\CodeIgniter.php(933): App\Controllers\SearchController->index()
 7 SYSTEMPATH\CodeIgniter.php(507): CodeIgniter\CodeIgniter->runController(Object(App\Controllers\SearchController))
 8 SYSTEMPATH\CodeIgniter.php(354): CodeIgniter\CodeIgniter->handleRequest(null, Object(Config\Cache), false)
 9 SYSTEMPATH\Boot.php(334): CodeIgniter\CodeIgniter->run()
10 SYSTEMPATH\Boot.php(67): CodeIgniter\Boot::runCodeIgniter(Object(CodeIgniter\CodeIgniter))
11 FCPATH\index.php(59): CodeIgniter\Boot::bootWeb(Object(Config\Paths))
12 SYSTEMPATH\rewrite.php(44): require_once('C:\\xampp\\htdocs\\fe_untung_search\\public\\index.php')
ERROR - 2025-06-10 04:14:35 --> Error connecting to the database: mysqli_sql_exception: Unknown database 'untung_search' in C:\xampp\htdocs\fe_untung_search\system\Database\MySQLi\Connection.php:201
Stack trace:
#0 C:\xampp\htdocs\fe_untung_search\system\Database\MySQLi\Connection.php(201): mysqli->real_connect('localhost', 'root', Object(SensitiveParameterValue), 'untung_search', 3306, '', 0)
#1 C:\xampp\htdocs\fe_untung_search\system\Database\BaseConnection.php(421): CodeIgniter\Database\MySQLi\Connection->connect(false)
#2 C:\xampp\htdocs\fe_untung_search\system\Database\BaseConnection.php(620): CodeIgniter\Database\BaseConnection->initialize()
#3 C:\xampp\htdocs\fe_untung_search\system\Database\BaseBuilder.php(1733): CodeIgniter\Database\BaseConnection->query('SELECT COUNT(*)...', Array, false)
#4 C:\xampp\htdocs\fe_untung_search\system\Model.php(676): CodeIgniter\Database\BaseBuilder->countAllResults(false)
#5 C:\xampp\htdocs\fe_untung_search\system\BaseModel.php(1287): CodeIgniter\Model->countAllResults(false)
#6 C:\xampp\htdocs\fe_untung_search\app\Controllers\SearchController.php(28): CodeIgniter\BaseModel->paginate(10, 'default', 1)
#7 C:\xampp\htdocs\fe_untung_search\system\CodeIgniter.php(933): App\Controllers\SearchController->index()
#8 C:\xampp\htdocs\fe_untung_search\system\CodeIgniter.php(507): CodeIgniter\CodeIgniter->runController(Object(App\Controllers\SearchController))
#9 C:\xampp\htdocs\fe_untung_search\system\CodeIgniter.php(354): CodeIgniter\CodeIgniter->handleRequest(NULL, Object(Config\Cache), false)
#10 C:\xampp\htdocs\fe_untung_search\system\Boot.php(334): CodeIgniter\CodeIgniter->run()
#11 C:\xampp\htdocs\fe_untung_search\system\Boot.php(67): CodeIgniter\Boot::runCodeIgniter(Object(CodeIgniter\CodeIgniter))
#12 C:\xampp\htdocs\fe_untung_search\public\index.php(59): CodeIgniter\Boot::bootWeb(Object(Config\Paths))
#13 C:\xampp\htdocs\fe_untung_search\system\rewrite.php(44): require_once('C:\\xampp\\htdocs...')
#14 {main}

Next CodeIgniter\Database\Exceptions\DatabaseException: Unknown database 'untung_search' in C:\xampp\htdocs\fe_untung_search\system\Database\MySQLi\Connection.php:246
Stack trace:
#0 C:\xampp\htdocs\fe_untung_search\system\Database\BaseConnection.php(421): CodeIgniter\Database\MySQLi\Connection->connect(false)
#1 C:\xampp\htdocs\fe_untung_search\system\Database\BaseConnection.php(620): CodeIgniter\Database\BaseConnection->initialize()
#2 C:\xampp\htdocs\fe_untung_search\system\Database\BaseBuilder.php(1733): CodeIgniter\Database\BaseConnection->query('SELECT COUNT(*)...', Array, false)
#3 C:\xampp\htdocs\fe_untung_search\system\Model.php(676): CodeIgniter\Database\BaseBuilder->countAllResults(false)
#4 C:\xampp\htdocs\fe_untung_search\system\BaseModel.php(1287): CodeIgniter\Model->countAllResults(false)
#5 C:\xampp\htdocs\fe_untung_search\app\Controllers\SearchController.php(28): CodeIgniter\BaseModel->paginate(10, 'default', 1)
#6 C:\xampp\htdocs\fe_untung_search\system\CodeIgniter.php(933): App\Controllers\SearchController->index()
#7 C:\xampp\htdocs\fe_untung_search\system\CodeIgniter.php(507): CodeIgniter\CodeIgniter->runController(Object(App\Controllers\SearchController))
#8 C:\xampp\htdocs\fe_untung_search\system\CodeIgniter.php(354): CodeIgniter\CodeIgniter->handleRequest(NULL, Object(Config\Cache), false)
#9 C:\xampp\htdocs\fe_untung_search\system\Boot.php(334): CodeIgniter\CodeIgniter->run()
#10 C:\xampp\htdocs\fe_untung_search\system\Boot.php(67): CodeIgniter\Boot::runCodeIgniter(Object(CodeIgniter\CodeIgniter))
#11 C:\xampp\htdocs\fe_untung_search\public\index.php(59): CodeIgniter\Boot::bootWeb(Object(Config\Paths))
#12 C:\xampp\htdocs\fe_untung_search\system\rewrite.php(44): require_once('C:\\xampp\\htdocs...')
#13 {main}
CRITICAL - 2025-06-10 04:14:35 --> CodeIgniter\Database\Exceptions\DatabaseException: Unable to connect to the database.
Main connection [MySQLi]: Unknown database 'untung_search'
[Method: POST, Route: search]
in SYSTEMPATH\Database\BaseConnection.php on line 467.
 1 SYSTEMPATH\Database\BaseConnection.php(620): CodeIgniter\Database\BaseConnection->initialize()
 2 SYSTEMPATH\Database\BaseBuilder.php(1733): CodeIgniter\Database\BaseConnection->query('SELECT COUNT(*) AS `numrows`
FROM `keywords`
WHERE `keyword` LIKE :keyword: ESCAPE \'!\'', [...], false)
 3 SYSTEMPATH\Model.php(676): CodeIgniter\Database\BaseBuilder->countAllResults(false)
 4 SYSTEMPATH\BaseModel.php(1287): CodeIgniter\Model->countAllResults(false)
 5 APPPATH\Controllers\SearchController.php(28): CodeIgniter\BaseModel->paginate(10, 'default', 1)
 6 SYSTEMPATH\CodeIgniter.php(933): App\Controllers\SearchController->index()
 7 SYSTEMPATH\CodeIgniter.php(507): CodeIgniter\CodeIgniter->runController(Object(App\Controllers\SearchController))
 8 SYSTEMPATH\CodeIgniter.php(354): CodeIgniter\CodeIgniter->handleRequest(null, Object(Config\Cache), false)
 9 SYSTEMPATH\Boot.php(334): CodeIgniter\CodeIgniter->run()
10 SYSTEMPATH\Boot.php(67): CodeIgniter\Boot::runCodeIgniter(Object(CodeIgniter\CodeIgniter))
11 FCPATH\index.php(59): CodeIgniter\Boot::bootWeb(Object(Config\Paths))
12 SYSTEMPATH\rewrite.php(44): require_once('C:\\xampp\\htdocs\\fe_untung_search\\public\\index.php')
ERROR - 2025-06-10 04:14:57 --> Error connecting to the database: mysqli_sql_exception: Unknown database 'untung_search' in C:\xampp\htdocs\fe_untung_search\system\Database\MySQLi\Connection.php:201
Stack trace:
#0 C:\xampp\htdocs\fe_untung_search\system\Database\MySQLi\Connection.php(201): mysqli->real_connect('localhost', 'root', Object(SensitiveParameterValue), 'untung_search', 3306, '', 0)
#1 C:\xampp\htdocs\fe_untung_search\system\Database\BaseConnection.php(421): CodeIgniter\Database\MySQLi\Connection->connect(false)
#2 C:\xampp\htdocs\fe_untung_search\system\Database\BaseConnection.php(620): CodeIgniter\Database\BaseConnection->initialize()
#3 C:\xampp\htdocs\fe_untung_search\system\Database\BaseBuilder.php(1733): CodeIgniter\Database\BaseConnection->query('SELECT COUNT(*)...', Array, false)
#4 C:\xampp\htdocs\fe_untung_search\system\Model.php(676): CodeIgniter\Database\BaseBuilder->countAllResults(false)
#5 C:\xampp\htdocs\fe_untung_search\system\BaseModel.php(1287): CodeIgniter\Model->countAllResults(false)
#6 C:\xampp\htdocs\fe_untung_search\app\Controllers\SearchController.php(28): CodeIgniter\BaseModel->paginate(10, 'default', 1)
#7 C:\xampp\htdocs\fe_untung_search\system\CodeIgniter.php(933): App\Controllers\SearchController->index()
#8 C:\xampp\htdocs\fe_untung_search\system\CodeIgniter.php(507): CodeIgniter\CodeIgniter->runController(Object(App\Controllers\SearchController))
#9 C:\xampp\htdocs\fe_untung_search\system\CodeIgniter.php(354): CodeIgniter\CodeIgniter->handleRequest(NULL, Object(Config\Cache), false)
#10 C:\xampp\htdocs\fe_untung_search\system\Boot.php(334): CodeIgniter\CodeIgniter->run()
#11 C:\xampp\htdocs\fe_untung_search\system\Boot.php(67): CodeIgniter\Boot::runCodeIgniter(Object(CodeIgniter\CodeIgniter))
#12 C:\xampp\htdocs\fe_untung_search\public\index.php(59): CodeIgniter\Boot::bootWeb(Object(Config\Paths))
#13 C:\xampp\htdocs\fe_untung_search\system\rewrite.php(44): require_once('C:\\xampp\\htdocs...')
#14 {main}

Next CodeIgniter\Database\Exceptions\DatabaseException: Unknown database 'untung_search' in C:\xampp\htdocs\fe_untung_search\system\Database\MySQLi\Connection.php:246
Stack trace:
#0 C:\xampp\htdocs\fe_untung_search\system\Database\BaseConnection.php(421): CodeIgniter\Database\MySQLi\Connection->connect(false)
#1 C:\xampp\htdocs\fe_untung_search\system\Database\BaseConnection.php(620): CodeIgniter\Database\BaseConnection->initialize()
#2 C:\xampp\htdocs\fe_untung_search\system\Database\BaseBuilder.php(1733): CodeIgniter\Database\BaseConnection->query('SELECT COUNT(*)...', Array, false)
#3 C:\xampp\htdocs\fe_untung_search\system\Model.php(676): CodeIgniter\Database\BaseBuilder->countAllResults(false)
#4 C:\xampp\htdocs\fe_untung_search\system\BaseModel.php(1287): CodeIgniter\Model->countAllResults(false)
#5 C:\xampp\htdocs\fe_untung_search\app\Controllers\SearchController.php(28): CodeIgniter\BaseModel->paginate(10, 'default', 1)
#6 C:\xampp\htdocs\fe_untung_search\system\CodeIgniter.php(933): App\Controllers\SearchController->index()
#7 C:\xampp\htdocs\fe_untung_search\system\CodeIgniter.php(507): CodeIgniter\CodeIgniter->runController(Object(App\Controllers\SearchController))
#8 C:\xampp\htdocs\fe_untung_search\system\CodeIgniter.php(354): CodeIgniter\CodeIgniter->handleRequest(NULL, Object(Config\Cache), false)
#9 C:\xampp\htdocs\fe_untung_search\system\Boot.php(334): CodeIgniter\CodeIgniter->run()
#10 C:\xampp\htdocs\fe_untung_search\system\Boot.php(67): CodeIgniter\Boot::runCodeIgniter(Object(CodeIgniter\CodeIgniter))
#11 C:\xampp\htdocs\fe_untung_search\public\index.php(59): CodeIgniter\Boot::bootWeb(Object(Config\Paths))
#12 C:\xampp\htdocs\fe_untung_search\system\rewrite.php(44): require_once('C:\\xampp\\htdocs...')
#13 {main}
CRITICAL - 2025-06-10 04:14:57 --> CodeIgniter\Database\Exceptions\DatabaseException: Unable to connect to the database.
Main connection [MySQLi]: Unknown database 'untung_search'
[Method: POST, Route: search]
in SYSTEMPATH\Database\BaseConnection.php on line 467.
 1 SYSTEMPATH\Database\BaseConnection.php(620): CodeIgniter\Database\BaseConnection->initialize()
 2 SYSTEMPATH\Database\BaseBuilder.php(1733): CodeIgniter\Database\BaseConnection->query('SELECT COUNT(*) AS `numrows`
FROM `keywords`
WHERE `keyword` LIKE :keyword: ESCAPE \'!\'', [...], false)
 3 SYSTEMPATH\Model.php(676): CodeIgniter\Database\BaseBuilder->countAllResults(false)
 4 SYSTEMPATH\BaseModel.php(1287): CodeIgniter\Model->countAllResults(false)
 5 APPPATH\Controllers\SearchController.php(28): CodeIgniter\BaseModel->paginate(10, 'default', 1)
 6 SYSTEMPATH\CodeIgniter.php(933): App\Controllers\SearchController->index()
 7 SYSTEMPATH\CodeIgniter.php(507): CodeIgniter\CodeIgniter->runController(Object(App\Controllers\SearchController))
 8 SYSTEMPATH\CodeIgniter.php(354): CodeIgniter\CodeIgniter->handleRequest(null, Object(Config\Cache), false)
 9 SYSTEMPATH\Boot.php(334): CodeIgniter\CodeIgniter->run()
10 SYSTEMPATH\Boot.php(67): CodeIgniter\Boot::runCodeIgniter(Object(CodeIgniter\CodeIgniter))
11 FCPATH\index.php(59): CodeIgniter\Boot::bootWeb(Object(Config\Paths))
12 SYSTEMPATH\rewrite.php(44): require_once('C:\\xampp\\htdocs\\fe_untung_search\\public\\index.php')
ERROR - 2025-06-10 04:14:59 --> Error connecting to the database: mysqli_sql_exception: Unknown database 'untung_search' in C:\xampp\htdocs\fe_untung_search\system\Database\MySQLi\Connection.php:201
Stack trace:
#0 C:\xampp\htdocs\fe_untung_search\system\Database\MySQLi\Connection.php(201): mysqli->real_connect('localhost', 'root', Object(SensitiveParameterValue), 'untung_search', 3306, '', 0)
#1 C:\xampp\htdocs\fe_untung_search\system\Database\BaseConnection.php(421): CodeIgniter\Database\MySQLi\Connection->connect(false)
#2 C:\xampp\htdocs\fe_untung_search\system\Database\BaseConnection.php(620): CodeIgniter\Database\BaseConnection->initialize()
#3 C:\xampp\htdocs\fe_untung_search\system\Database\BaseBuilder.php(1733): CodeIgniter\Database\BaseConnection->query('SELECT COUNT(*)...', Array, false)
#4 C:\xampp\htdocs\fe_untung_search\system\Model.php(676): CodeIgniter\Database\BaseBuilder->countAllResults(false)
#5 C:\xampp\htdocs\fe_untung_search\system\BaseModel.php(1287): CodeIgniter\Model->countAllResults(false)
#6 C:\xampp\htdocs\fe_untung_search\app\Controllers\SearchController.php(28): CodeIgniter\BaseModel->paginate(10, 'default', 1)
#7 C:\xampp\htdocs\fe_untung_search\system\CodeIgniter.php(933): App\Controllers\SearchController->index()
#8 C:\xampp\htdocs\fe_untung_search\system\CodeIgniter.php(507): CodeIgniter\CodeIgniter->runController(Object(App\Controllers\SearchController))
#9 C:\xampp\htdocs\fe_untung_search\system\CodeIgniter.php(354): CodeIgniter\CodeIgniter->handleRequest(NULL, Object(Config\Cache), false)
#10 C:\xampp\htdocs\fe_untung_search\system\Boot.php(334): CodeIgniter\CodeIgniter->run()
#11 C:\xampp\htdocs\fe_untung_search\system\Boot.php(67): CodeIgniter\Boot::runCodeIgniter(Object(CodeIgniter\CodeIgniter))
#12 C:\xampp\htdocs\fe_untung_search\public\index.php(59): CodeIgniter\Boot::bootWeb(Object(Config\Paths))
#13 C:\xampp\htdocs\fe_untung_search\system\rewrite.php(44): require_once('C:\\xampp\\htdocs...')
#14 {main}

Next CodeIgniter\Database\Exceptions\DatabaseException: Unknown database 'untung_search' in C:\xampp\htdocs\fe_untung_search\system\Database\MySQLi\Connection.php:246
Stack trace:
#0 C:\xampp\htdocs\fe_untung_search\system\Database\BaseConnection.php(421): CodeIgniter\Database\MySQLi\Connection->connect(false)
#1 C:\xampp\htdocs\fe_untung_search\system\Database\BaseConnection.php(620): CodeIgniter\Database\BaseConnection->initialize()
#2 C:\xampp\htdocs\fe_untung_search\system\Database\BaseBuilder.php(1733): CodeIgniter\Database\BaseConnection->query('SELECT COUNT(*)...', Array, false)
#3 C:\xampp\htdocs\fe_untung_search\system\Model.php(676): CodeIgniter\Database\BaseBuilder->countAllResults(false)
#4 C:\xampp\htdocs\fe_untung_search\system\BaseModel.php(1287): CodeIgniter\Model->countAllResults(false)
#5 C:\xampp\htdocs\fe_untung_search\app\Controllers\SearchController.php(28): CodeIgniter\BaseModel->paginate(10, 'default', 1)
#6 C:\xampp\htdocs\fe_untung_search\system\CodeIgniter.php(933): App\Controllers\SearchController->index()
#7 C:\xampp\htdocs\fe_untung_search\system\CodeIgniter.php(507): CodeIgniter\CodeIgniter->runController(Object(App\Controllers\SearchController))
#8 C:\xampp\htdocs\fe_untung_search\system\CodeIgniter.php(354): CodeIgniter\CodeIgniter->handleRequest(NULL, Object(Config\Cache), false)
#9 C:\xampp\htdocs\fe_untung_search\system\Boot.php(334): CodeIgniter\CodeIgniter->run()
#10 C:\xampp\htdocs\fe_untung_search\system\Boot.php(67): CodeIgniter\Boot::runCodeIgniter(Object(CodeIgniter\CodeIgniter))
#11 C:\xampp\htdocs\fe_untung_search\public\index.php(59): CodeIgniter\Boot::bootWeb(Object(Config\Paths))
#12 C:\xampp\htdocs\fe_untung_search\system\rewrite.php(44): require_once('C:\\xampp\\htdocs...')
#13 {main}
CRITICAL - 2025-06-10 04:14:59 --> CodeIgniter\Database\Exceptions\DatabaseException: Unable to connect to the database.
Main connection [MySQLi]: Unknown database 'untung_search'
[Method: POST, Route: search]
in SYSTEMPATH\Database\BaseConnection.php on line 467.
 1 SYSTEMPATH\Database\BaseConnection.php(620): CodeIgniter\Database\BaseConnection->initialize()
 2 SYSTEMPATH\Database\BaseBuilder.php(1733): CodeIgniter\Database\BaseConnection->query('SELECT COUNT(*) AS `numrows`
FROM `keywords`
WHERE `keyword` LIKE :keyword: ESCAPE \'!\'', [...], false)
 3 SYSTEMPATH\Model.php(676): CodeIgniter\Database\BaseBuilder->countAllResults(false)
 4 SYSTEMPATH\BaseModel.php(1287): CodeIgniter\Model->countAllResults(false)
 5 APPPATH\Controllers\SearchController.php(28): CodeIgniter\BaseModel->paginate(10, 'default', 1)
 6 SYSTEMPATH\CodeIgniter.php(933): App\Controllers\SearchController->index()
 7 SYSTEMPATH\CodeIgniter.php(507): CodeIgniter\CodeIgniter->runController(Object(App\Controllers\SearchController))
 8 SYSTEMPATH\CodeIgniter.php(354): CodeIgniter\CodeIgniter->handleRequest(null, Object(Config\Cache), false)
 9 SYSTEMPATH\Boot.php(334): CodeIgniter\CodeIgniter->run()
10 SYSTEMPATH\Boot.php(67): CodeIgniter\Boot::runCodeIgniter(Object(CodeIgniter\CodeIgniter))
11 FCPATH\index.php(59): CodeIgniter\Boot::bootWeb(Object(Config\Paths))
12 SYSTEMPATH\rewrite.php(44): require_once('C:\\xampp\\htdocs\\fe_untung_search\\public\\index.php')
CRITICAL - 2025-06-10 04:51:02 --> ErrorException: Undefined variable $apiKey
[Method: POST, Route: search]
in APPPATH\Controllers\SearchController.php on line 58.
 1 APPPATH\Controllers\SearchController.php(58): CodeIgniter\Debug\Exceptions->errorHandler(2, 'Undefined variable $apiKey', 'C:\\xampp\\htdocs\\fe_untung_search\\app\\Controllers\\SearchController.php', 58)
 2 APPPATH\Controllers\SearchController.php(43): App\Controllers\SearchController->googleSearch('one ok rock')
 3 SYSTEMPATH\CodeIgniter.php(933): App\Controllers\SearchController->index()
 4 SYSTEMPATH\CodeIgniter.php(507): CodeIgniter\CodeIgniter->runController(Object(App\Controllers\SearchController))
 5 SYSTEMPATH\CodeIgniter.php(354): CodeIgniter\CodeIgniter->handleRequest(null, Object(Config\Cache), false)
 6 SYSTEMPATH\Boot.php(334): CodeIgniter\CodeIgniter->run()
 7 SYSTEMPATH\Boot.php(67): CodeIgniter\Boot::runCodeIgniter(Object(CodeIgniter\CodeIgniter))
 8 FCPATH\index.php(59): CodeIgniter\Boot::bootWeb(Object(Config\Paths))
 9 SYSTEMPATH\rewrite.php(44): require_once('C:\\xampp\\htdocs\\fe_untung_search\\public\\index.php')
CRITICAL - 2025-06-10 04:54:05 --> ErrorException: Maximum execution time of 60 seconds exceeded
[Method: POST, Route: search]
in SYSTEMPATH\Debug\Exceptions.php on line 208.
 1 [internal function]: CodeIgniter\Debug\Exceptions->shutdownHandler()
CRITICAL - 2025-06-10 04:55:29 --> ErrorException: Maximum execution time of 60 seconds exceeded
[Method: POST, Route: search]
in SYSTEMPATH\Debug\Exceptions.php on line 208.
 1 [internal function]: CodeIgniter\Debug\Exceptions->shutdownHandler()
CRITICAL - 2025-06-10 04:58:28 --> CodeIgniter\View\Exceptions\ViewException: Invalid file: "search_page.php"
[Method: GET, Route: search]
in SYSTEMPATH\Exceptions\FrameworkException.php on line 39.
 1 SYSTEMPATH\View\View.php(212): CodeIgniter\Exceptions\FrameworkException::forInvalidFile('search_page.php')
 2 SYSTEMPATH\Common.php(1173): CodeIgniter\View\View->render('search_page', [], true)
 3 APPPATH\Controllers\SearchController.php(57): view('search_page', [])
 4 SYSTEMPATH\CodeIgniter.php(933): App\Controllers\SearchController->index()
 5 SYSTEMPATH\CodeIgniter.php(507): CodeIgniter\CodeIgniter->runController(Object(App\Controllers\SearchController))
 6 SYSTEMPATH\CodeIgniter.php(354): CodeIgniter\CodeIgniter->handleRequest(null, Object(Config\Cache), false)
 7 SYSTEMPATH\Boot.php(334): CodeIgniter\CodeIgniter->run()
 8 SYSTEMPATH\Boot.php(67): CodeIgniter\Boot::runCodeIgniter(Object(CodeIgniter\CodeIgniter))
 9 FCPATH\index.php(59): CodeIgniter\Boot::bootWeb(Object(Config\Paths))
10 SYSTEMPATH\rewrite.php(44): require_once('C:\\xampp\\htdocs\\fe_untung_search\\public\\index.php')
CRITICAL - 2025-06-10 04:59:21 --> CodeIgniter\Exceptions\BadMethodCallException: Call to undefined method App\Models\KeywordModel::getKeywordByName
[Method: POST, Route: search]
in SYSTEMPATH\Model.php on line 930.
 1 APPPATH\Controllers\SearchController.php(27): CodeIgniter\Model->__call('getKeywordByName', [...])
 2 SYSTEMPATH\CodeIgniter.php(933): App\Controllers\SearchController->index()
 3 SYSTEMPATH\CodeIgniter.php(507): CodeIgniter\CodeIgniter->runController(Object(App\Controllers\SearchController))
 4 SYSTEMPATH\CodeIgniter.php(354): CodeIgniter\CodeIgniter->handleRequest(null, Object(Config\Cache), false)
 5 SYSTEMPATH\Boot.php(334): CodeIgniter\CodeIgniter->run()
 6 SYSTEMPATH\Boot.php(67): CodeIgniter\Boot::runCodeIgniter(Object(CodeIgniter\CodeIgniter))
 7 FCPATH\index.php(59): CodeIgniter\Boot::bootWeb(Object(Config\Paths))
 8 SYSTEMPATH\rewrite.php(44): require_once('C:\\xampp\\htdocs\\fe_untung_search\\public\\index.php')
CRITICAL - 2025-06-10 05:03:13 --> ErrorException: Undefined variable $perPage
[Method: POST, Route: search]
in APPPATH\Controllers\SearchController.php on line 28.
 1 APPPATH\Controllers\SearchController.php(28): CodeIgniter\Debug\Exceptions->errorHandler(2, 'Undefined variable $perPage', 'C:\\xampp\\htdocs\\fe_untung_search\\app\\Controllers\\SearchController.php', 28)
 2 SYSTEMPATH\CodeIgniter.php(933): App\Controllers\SearchController->index()
 3 SYSTEMPATH\CodeIgniter.php(507): CodeIgniter\CodeIgniter->runController(Object(App\Controllers\SearchController))
 4 SYSTEMPATH\CodeIgniter.php(354): CodeIgniter\CodeIgniter->handleRequest(null, Object(Config\Cache), false)
 5 SYSTEMPATH\Boot.php(334): CodeIgniter\CodeIgniter->run()
 6 SYSTEMPATH\Boot.php(67): CodeIgniter\Boot::runCodeIgniter(Object(CodeIgniter\CodeIgniter))
 7 FCPATH\index.php(59): CodeIgniter\Boot::bootWeb(Object(Config\Paths))
 8 SYSTEMPATH\rewrite.php(44): require_once('C:\\xampp\\htdocs\\fe_untung_search\\public\\index.php')
